<?xml version="1.0" encoding="UTF-8"?>
<testsuite xmlns:xsi="http://www.w3.org/2001/XMLSchema-instance" xsi:noNamespaceSchemaLocation="https://maven.apache.org/surefire/maven-surefire-plugin/xsd/surefire-test-report-3.0.xsd" version="3.0" name="com.example.sonar.QualityIssuesExampleTest" time="0.123" tests="7" errors="0" skipped="0" failures="1">
  <properties>
[...]
</properties>
  <testcase name="testAccederArray" classname="com.example.sonar.QualityIssuesExampleTest" time="0.004"/>
  <testcase name="testGenerarMensajeBienvenida" classname="com.example.sonar.QualityIssuesExampleTest" time="0.025"/>
  <testcase name="testCalculoComplejo" classname="com.example.sonar.QualityIssuesExampleTest" time="0.004"/>
  <testcase name="testProcesarTexto" classname="com.example.sonar.QualityIssuesExampleTest" time="0.033">
    <system-err><![CDATA[oct 01, 2025 2:52:19 P. M. com.example.sonar.QualityIssuesExample procesarTexto
ADVERTENCIA: Se recibió un texto nulo
]]></system-err>
  </testcase>
  <testcase name="testDivisionSegura" classname="com.example.sonar.QualityIssuesExampleTest" time="0.002">
    <system-err><![CDATA[oct 01, 2025 2:52:19 P. M. com.example.sonar.QualityIssuesExample divisionSegura
ADVERTENCIA: Intento de división por cero en 4/0
]]></system-err>
  </testcase>
  <testcase name="testProcesamientoDeDatos" classname="com.example.sonar.QualityIssuesExampleTest" time="0.037">
    <failure message="expected: &lt;3000&gt; but was: &lt;9000&gt;" type="org.opentest4j.AssertionFailedError"><![CDATA[org.opentest4j.AssertionFailedError: expected: <3000> but was: <9000>
	at org.junit.jupiter.api.AssertionFailureBuilder.build(AssertionFailureBuilder.java:151)
	at org.junit.jupiter.api.AssertionFailureBuilder.buildAndThrow(AssertionFailureBuilder.java:132)
	at org.junit.jupiter.api.AssertEquals.failNotEqual(AssertEquals.java:197)
	at org.junit.jupiter.api.AssertEquals.assertEquals(AssertEquals.java:150)
	at org.junit.jupiter.api.AssertEquals.assertEquals(AssertEquals.java:145)
	at org.junit.jupiter.api.Assertions.assertEquals(Assertions.java:527)
	at com.example.sonar.QualityIssuesExampleTest.testProcesamientoDeDatos(QualityIssuesExampleTest.java:25)
	at java.base/java.lang.reflect.Method.invoke(Method.java:580)
	at java.base/java.util.ArrayList.forEach(ArrayList.java:1596)
	at java.base/java.util.ArrayList.forEach(ArrayList.java:1596)
]]></failure>
    <system-err><![CDATA[oct 01, 2025 2:52:19 P. M. com.example.sonar.QualityIssuesExample imprimirResumen
INFORMACIÓN: Suma: 50
oct 01, 2025 2:52:19 P. M. com.example.sonar.QualityIssuesExample imprimirResumen
INFORMACIÓN: Multiplicación: 9000
oct 01, 2025 2:52:19 P. M. com.example.sonar.QualityIssuesExample imprimirResumen
INFORMACIÓN: Promedio: 8,33
oct 01, 2025 2:52:19 P. M. com.example.sonar.QualityIssuesExample imprimirResumen
INFORMACIÓN: Números pares: [2, 4]
oct 01, 2025 2:52:19 P. M. com.example.sonar.QualityIssuesExample imprimirResumen
INFORMACIÓN: Números impares: [1, 3, 15, 25]
oct 01, 2025 2:52:19 P. M. com.example.sonar.QualityIssuesExample imprimirResumen
INFORMACIÓN: Mayores a 10: [15, 25]
oct 01, 2025 2:52:19 P. M. com.example.sonar.QualityIssuesExample imprimirResumen
INFORMACIÓN: Menores a 10: [1, 2, 3, 4]
oct 01, 2025 2:52:19 P. M. com.example.sonar.QualityIssuesExample procesarLista
INFORMACIÓN: Procesando par: 2
oct 01, 2025 2:52:19 P. M. com.example.sonar.QualityIssuesExample clasificarNumero
INFORMACIÓN: par menor o igual a 10
oct 01, 2025 2:52:19 P. M. com.example.sonar.QualityIssuesExample procesarLista
INFORMACIÓN: Procesando par: 4
oct 01, 2025 2:52:19 P. M. com.example.sonar.QualityIssuesExample clasificarNumero
INFORMACIÓN: par menor o igual a 10
oct 01, 2025 2:52:19 P. M. com.example.sonar.QualityIssuesExample procesarLista
INFORMACIÓN: Procesando impar: 1
oct 01, 2025 2:52:19 P. M. com.example.sonar.QualityIssuesExample clasificarNumero
INFORMACIÓN: impar menor o igual a 10
oct 01, 2025 2:52:19 P. M. com.example.sonar.QualityIssuesExample procesarLista
INFORMACIÓN: Procesando impar: 3
oct 01, 2025 2:52:19 P. M. com.example.sonar.QualityIssuesExample clasificarNumero
INFORMACIÓN: impar menor o igual a 10
oct 01, 2025 2:52:19 P. M. com.example.sonar.QualityIssuesExample procesarLista
INFORMACIÓN: Procesando impar: 15
oct 01, 2025 2:52:19 P. M. com.example.sonar.QualityIssuesExample clasificarNumero
INFORMACIÓN: impar mayor a 10
oct 01, 2025 2:52:19 P. M. com.example.sonar.QualityIssuesExample procesarLista
INFORMACIÓN: Procesando impar: 25
oct 01, 2025 2:52:19 P. M. com.example.sonar.QualityIssuesExample clasificarNumero
INFORMACIÓN: impar mayor a 20
]]></system-err>
  </testcase>
  <testcase name="testValidarRango" classname="com.example.sonar.QualityIssuesExampleTest" time="0.004"/>
</testsuite>