<?xml version="1.0" encoding="UTF-8"?>
<testsuite xmlns:xsi="http://www.w3.org/2001/XMLSchema-instance" xsi:noNamespaceSchemaLocation="https://maven.apache.org/surefire/maven-surefire-plugin/xsd/surefire-test-report-3.0.xsd" version="3.0" name="com.example.sonar.NewIssueExampleTest" time="0.335" tests="19" errors="0" skipped="0" failures="2">
  <properties>
    <property name="java.specification.version" value="21"/>
    <property name="sun.cpu.isalist" value="amd64"/>
    <property name="sun.jnu.encoding" value="Cp1252"/>
    <property name="java.class.path" value="D:\Universidad\Octavo Semestre\QA\SonnarCloud_QA\sonar-taller\target\test-classes;D:\Universidad\Octavo Semestre\QA\SonnarCloud_QA\sonar-taller\target\classes;C:\Users\Julián\.m2\repository\org\junit\jupiter\junit-jupiter\5.10.0\junit-jupiter-5.10.0.jar;C:\Users\Julián\.m2\repository\org\junit\jupiter\junit-jupiter-api\5.10.0\junit-jupiter-api-5.10.0.jar;C:\Users\Julián\.m2\repository\org\opentest4j\opentest4j\1.3.0\opentest4j-1.3.0.jar;C:\Users\Julián\.m2\repository\org\junit\platform\junit-platform-commons\1.10.0\junit-platform-commons-1.10.0.jar;C:\Users\Julián\.m2\repository\org\apiguardian\apiguardian-api\1.1.2\apiguardian-api-1.1.2.jar;C:\Users\Julián\.m2\repository\org\junit\jupiter\junit-jupiter-params\5.10.0\junit-jupiter-params-5.10.0.jar;C:\Users\Julián\.m2\repository\org\junit\jupiter\junit-jupiter-engine\5.10.0\junit-jupiter-engine-5.10.0.jar;C:\Users\Julián\.m2\repository\org\junit\platform\junit-platform-engine\1.10.0\junit-platform-engine-1.10.0.jar;"/>
    <property name="java.vm.vendor" value="Microsoft"/>
    <property name="sun.arch.data.model" value="64"/>
    <property name="user.variant" value=""/>
    <property name="java.vendor.url" value="https://www.microsoft.com"/>
    <property name="user.timezone" value="America/Bogota"/>
    <property name="os.name" value="Windows 11"/>
    <property name="java.vm.specification.version" value="21"/>
    <property name="sun.java.launcher" value="SUN_STANDARD"/>
    <property name="user.country" value="CO"/>
    <property name="sun.boot.library.path" value="C:\Program Files\Microsoft\jdk-21.0.8.9-hotspot\bin"/>
    <property name="sun.java.command" value="C:\Users\Julián\AppData\Local\Temp\surefire462377377674319536\surefirebooter-20251001145217919_3.jar C:\Users\Julián\AppData\Local\Temp\surefire462377377674319536 2025-10-01T14-52-17_749-jvmRun1 surefire-20251001145217919_1tmp surefire_0-20251001145217919_2tmp"/>
    <property name="jdk.debug" value="release"/>
    <property name="surefire.test.class.path" value="D:\Universidad\Octavo Semestre\QA\SonnarCloud_QA\sonar-taller\target\test-classes;D:\Universidad\Octavo Semestre\QA\SonnarCloud_QA\sonar-taller\target\classes;C:\Users\Julián\.m2\repository\org\junit\jupiter\junit-jupiter\5.10.0\junit-jupiter-5.10.0.jar;C:\Users\Julián\.m2\repository\org\junit\jupiter\junit-jupiter-api\5.10.0\junit-jupiter-api-5.10.0.jar;C:\Users\Julián\.m2\repository\org\opentest4j\opentest4j\1.3.0\opentest4j-1.3.0.jar;C:\Users\Julián\.m2\repository\org\junit\platform\junit-platform-commons\1.10.0\junit-platform-commons-1.10.0.jar;C:\Users\Julián\.m2\repository\org\apiguardian\apiguardian-api\1.1.2\apiguardian-api-1.1.2.jar;C:\Users\Julián\.m2\repository\org\junit\jupiter\junit-jupiter-params\5.10.0\junit-jupiter-params-5.10.0.jar;C:\Users\Julián\.m2\repository\org\junit\jupiter\junit-jupiter-engine\5.10.0\junit-jupiter-engine-5.10.0.jar;C:\Users\Julián\.m2\repository\org\junit\platform\junit-platform-engine\1.10.0\junit-platform-engine-1.10.0.jar;"/>
    <property name="sun.cpu.endian" value="little"/>
    <property name="user.home" value="C:\Users\Julián"/>
    <property name="user.language" value="es"/>
    <property name="java.specification.vendor" value="Oracle Corporation"/>
    <property name="java.version.date" value="2025-07-15"/>
    <property name="java.home" value="C:\Program Files\Microsoft\jdk-21.0.8.9-hotspot"/>
    <property name="file.separator" value="\"/>
    <property name="basedir" value="D:\Universidad\Octavo Semestre\QA\SonnarCloud_QA\sonar-taller"/>
    <property name="java.vm.compressedOopsMode" value="Zero based"/>
    <property name="line.separator" value="&#10;"/>
    <property name="java.vm.specification.vendor" value="Oracle Corporation"/>
    <property name="java.specification.name" value="Java Platform API Specification"/>
    <property name="surefire.real.class.path" value="C:\Users\Julián\AppData\Local\Temp\surefire462377377674319536\surefirebooter-20251001145217919_3.jar"/>
    <property name="user.script" value=""/>
    <property name="sun.management.compiler" value="HotSpot 64-Bit Tiered Compilers"/>
    <property name="java.runtime.version" value="21.0.8+9-LTS"/>
    <property name="user.name" value="Julián"/>
    <property name="stdout.encoding" value="Cp1252"/>
    <property name="path.separator" value=";"/>
    <property name="os.version" value="10.0"/>
    <property name="java.runtime.name" value="OpenJDK Runtime Environment"/>
    <property name="file.encoding" value="UTF-8"/>
    <property name="java.vm.name" value="OpenJDK 64-Bit Server VM"/>
    <property name="java.vendor.version" value="Microsoft-11933218"/>
    <property name="localRepository" value="C:\Users\Julián\.m2\repository"/>
    <property name="java.vendor.url.bug" value="https://github.com/microsoft/openjdk/issues"/>
    <property name="java.io.tmpdir" value="C:\Users\JULIN~1\AppData\Local\Temp\"/>
    <property name="java.version" value="21.0.8"/>
    <property name="user.dir" value="D:\Universidad\Octavo Semestre\QA\SonnarCloud_QA\sonar-taller"/>
    <property name="os.arch" value="amd64"/>
    <property name="java.vm.specification.name" value="Java Virtual Machine Specification"/>
    <property name="sun.os.patch.level" value=""/>
    <property name="native.encoding" value="Cp1252"/>
    <property name="java.library.path" value="C:\Program Files\Microsoft\jdk-21.0.8.9-hotspot\bin;C:\WINDOWS\Sun\Java\bin;C:\WINDOWS\system32;C:\WINDOWS;C:\Program Files\Microsoft\jdk-21.0.8.9-hotspot\bin;C:\WINDOWS\system32;C:\WINDOWS;C:\WINDOWS\System32\Wbem;C:\WINDOWS\System32\WindowsPowerShell\v1.0\;C:\WINDOWS\System32\OpenSSH\;C:\Program Files (x86)\NVIDIA Corporation\PhysX\Common;C:\Program Files\Microsoft SQL Server\150\Tools\Binn\;C:\Program Files\Microsoft SQL Server\Client SDK\ODBC\170\Tools\Binn\;C:\Program Files\dotnet\;C:\WINDOWS\system32\config\systemprofile\AppData\Local\Muse Hub\lib;C:\Program Files\nodejs\;C:\Program Files\Microsoft\jdk-21.0.8.9-hotspot\bin;C:\WINDOWS\system32;C:\WINDOWS;C:\WINDOWS\System32\Wbem;C:\WINDOWS\System32\WindowsPowerShell\v1.0\;C:\WINDOWS\System32\OpenSSH\;C:\Program Files (x86)\NVIDIA Corporation\PhysX\Common;C:\Program Files\Microsoft SQL Server\150\Tools\Binn\;C:\Program Files\Microsoft SQL Server\Client SDK\ODBC\170\Tools\Binn\;C:\Program Files\dotnet\;C:\Users\Julián\AppData\Local\Muse Hub\lib;C:\Program Files\nodejs\;C:\Users\Julián\AppData\Local\Microsoft\WindowsApps;C:\Users\Julián\AppData\Local\Programs\Microsoft VS Code\bin;C:\Users\Julián\.dotnet\tools;C:\Users\Julián\AppData\Local\gitkraken\bin;C:\Users\Julián\.dotnet\tools;C:\Program Files\nodejs;C:\Users\Julián\AppData\Roaming\npm;c:\Users\Julián\.vscode\extensions\ms-python.debugpy-2025.10.0-win32-x64\bundled\scripts\noConfigScripts;c:\Users\Julián\AppData\Roaming\Code\User\globalStorage\github.copilot-chat\debugCommand;C:\Users\Julián\AppData\Local\Programs\Python\Python312&quot;;c:\Users\Julián\.vscode\extensions\ms-python.debugpy-2025.10.0-win32-x64\bundled\scripts\noConfigScripts;c:\Users\Julián\AppData\Roaming\Code\User\globalStorage\github.copilot-chat\debugCommand;."/>
    <property name="java.vm.info" value="mixed mode, sharing"/>
    <property name="stderr.encoding" value="Cp1252"/>
    <property name="java.vendor" value="Microsoft"/>
    <property name="java.vm.version" value="21.0.8+9-LTS"/>
    <property name="sun.io.unicode.encoding" value="UnicodeLittle"/>
    <property name="java.class.version" value="65.0"/>
  </properties>
  <testcase name="testComputeWithCsvSource(int, int)[1]" classname="com.example.sonar.NewIssueExampleTest" time="0.076"/>
  <testcase name="testComputeWithCsvSource(int, int)[2]" classname="com.example.sonar.NewIssueExampleTest" time="0.005"/>
  <testcase name="testComputeWithCsvSource(int, int)[3]" classname="com.example.sonar.NewIssueExampleTest" time="0.003"/>
  <testcase name="testComputeWithCsvSource(int, int)[4]" classname="com.example.sonar.NewIssueExampleTest" time="0.0"/>
  <testcase name="testComputeWithCsvSource(int, int)[5]" classname="com.example.sonar.NewIssueExampleTest" time="0.007"/>
  <testcase name="testComputeWithCsvSource(int, int)[6]" classname="com.example.sonar.NewIssueExampleTest" time="0.004"/>
  <testcase name="testComputeOverflow" classname="com.example.sonar.NewIssueExampleTest" time="0.008">
    <failure message="expected: &lt;4294967294&gt; but was: &lt;-2&gt;" type="org.opentest4j.AssertionFailedError"><![CDATA[org.opentest4j.AssertionFailedError: expected: <4294967294> but was: <-2>
	at org.junit.jupiter.api.AssertionFailureBuilder.build(AssertionFailureBuilder.java:151)
	at org.junit.jupiter.api.AssertionFailureBuilder.buildAndThrow(AssertionFailureBuilder.java:132)
	at org.junit.jupiter.api.AssertEquals.failNotEqual(AssertEquals.java:197)
	at org.junit.jupiter.api.AssertEquals.assertEquals(AssertEquals.java:166)
	at org.junit.jupiter.api.AssertEquals.assertEquals(AssertEquals.java:161)
	at org.junit.jupiter.api.Assertions.assertEquals(Assertions.java:628)
	at com.example.sonar.NewIssueExampleTest.testComputeOverflow(NewIssueExampleTest.java:65)
	at java.base/java.lang.reflect.Method.invoke(Method.java:580)
	at java.base/java.util.ArrayList.forEach(ArrayList.java:1596)
	at java.base/java.util.ArrayList.forEach(ArrayList.java:1596)
]]></failure>
  </testcase>
  <testcase name="testCompute" classname="com.example.sonar.NewIssueExampleTest" time="0.0"/>
  <testcase name="testComputeEdgeCases" classname="com.example.sonar.NewIssueExampleTest" time="0.002">
    <failure message="expected: &lt;4294967294&gt; but was: &lt;-2&gt;" type="org.opentest4j.AssertionFailedError"><![CDATA[org.opentest4j.AssertionFailedError: expected: <4294967294> but was: <-2>
	at org.junit.jupiter.api.AssertionFailureBuilder.build(AssertionFailureBuilder.java:151)
	at org.junit.jupiter.api.AssertionFailureBuilder.buildAndThrow(AssertionFailureBuilder.java:132)
	at org.junit.jupiter.api.AssertEquals.failNotEqual(AssertEquals.java:197)
	at org.junit.jupiter.api.AssertEquals.assertEquals(AssertEquals.java:166)
	at org.junit.jupiter.api.AssertEquals.assertEquals(AssertEquals.java:161)
	at org.junit.jupiter.api.Assertions.assertEquals(Assertions.java:628)
	at com.example.sonar.NewIssueExampleTest.testComputeEdgeCases(NewIssueExampleTest.java:32)
	at java.base/java.lang.reflect.Method.invoke(Method.java:580)
	at java.base/java.util.ArrayList.forEach(ArrayList.java:1596)
	at java.base/java.util.ArrayList.forEach(ArrayList.java:1596)
]]></failure>
  </testcase>
  <testcase name="testComputeParameterized(int)[1]" classname="com.example.sonar.NewIssueExampleTest" time="0.004"/>
  <testcase name="testComputeParameterized(int)[2]" classname="com.example.sonar.NewIssueExampleTest" time="0.006"/>
  <testcase name="testComputeParameterized(int)[3]" classname="com.example.sonar.NewIssueExampleTest" time="0.002"/>
  <testcase name="testComputeParameterized(int)[4]" classname="com.example.sonar.NewIssueExampleTest" time="0.002"/>
  <testcase name="testComputeParameterized(int)[5]" classname="com.example.sonar.NewIssueExampleTest" time="0.004"/>
  <testcase name="testComputeParameterized(int)[6]" classname="com.example.sonar.NewIssueExampleTest" time="0.0"/>
  <testcase name="testComputeParameterized(int)[7]" classname="com.example.sonar.NewIssueExampleTest" time="0.002"/>
  <testcase name="testComputeParameterized(int)[8]" classname="com.example.sonar.NewIssueExampleTest" time="0.0"/>
  <testcase name="testComputeParameterized(int)[9]" classname="com.example.sonar.NewIssueExampleTest" time="0.002"/>
  <testcase name="testComputeParameterized(int)[10]" classname="com.example.sonar.NewIssueExampleTest" time="0.004"/>
</testsuite>